<?xml version="1.0" encoding="UTF-8"?>
<!-- Generated by org.testng.reporters.JUnitReportReporter -->
<testsuite hostname="DESKTOP-BFFCAKN" failures="0" tests="3" name="learnTestNG.EndToEnd" time="34.126" errors="0" timestamp="2023-02-10T20:37:23 PST" skipped="0">
  <testcase classname="learnTestNG.EndToEnd" name="faceBook" time="5.094"/>
  <system-out/>
  <testcase classname="learnTestNG.EndToEnd" name="actiTime" time="10.871"/>
  <system-out/>
  <testcase classname="learnTestNG.EndToEnd" name="vtiger" time="18.161"/>
  <system-out/>
</testsuite> <!-- learnTestNG.EndToEnd -->
