<?xml version="1.0" encoding="UTF-8"?>
<!-- Generated by org.testng.reporters.JUnitReportReporter -->
<testsuite hostname="DESKTOP-BFFCAKN" failures="0" tests="2" name="practiceOnly.DROPDOWNFACEBOOK" time="10.207" errors="0" timestamp="2023-02-08T00:46:05 PST" skipped="0">
  <testcase classname="practiceOnly.DROPDOWNFACEBOOK" name="dropDown" time="4.262"/>
  <system-out/>
  <testcase classname="practiceOnly.DROPDOWNFACEBOOK" name="dropDown" time="5.945"/>
  <system-out/>
</testsuite> <!-- practiceOnly.DROPDOWNFACEBOOK -->
