<?xml version="1.0" encoding="UTF-8"?>
<!-- Generated by org.testng.reporters.JUnitReportReporter -->
<testsuite hostname="DESKTOP-BFFCAKN" failures="0" tests="17" name="learnTestNG.KGF" time="0.140" errors="0" timestamp="2023-02-07T17:16:12 PST" skipped="0">
  <testcase classname="learnTestNG.KGF" name="rajendraDesai" time="0.012"/>
  <system-out>
    <![CDATA[KGF is Controlled by rajendraDesai]]>
  </system-out>
  <testcase classname="learnTestNG.KGF" name="vanaram" time="0.003"/>
  <system-out>
    <![CDATA[KGF is Controlled by vanaram]]>
  </system-out>
  <testcase classname="learnTestNG.KGF" name="reena" time="0.028"/>
  <system-out>
    <![CDATA[KGF is Controlled by reena]]>
  </system-out>
  <testcase classname="learnTestNG.KGF" name="garuda" time="0.004"/>
  <system-out>
    <![CDATA[KGF is Controlled by garuda]]>
  </system-out>
  <testcase classname="learnTestNG.KGF" name="adheera" time="0.016"/>
  <system-out>
    <![CDATA[KGF is Controlled by adheera]]>
  </system-out>
  <testcase classname="learnTestNG.KGF" name="mumbaiShetty" time="0.005"/>
  <system-out>
    <![CDATA[KGF is Controlled by mumbaiShetty]]>
  </system-out>
  <testcase classname="learnTestNG.KGF" name="rocky" time="0.003"/>
  <system-out>
    <![CDATA[KGF is Controlled by rocky]]>
  </system-out>
  <testcase classname="learnTestNG.KGF" name="rocky" time="0.029"/>
  <system-out>
    <![CDATA[KGF is Controlled by rocky]]>
  </system-out>
  <testcase classname="learnTestNG.KGF" name="rocky" time="0.003"/>
  <system-out>
    <![CDATA[KGF is Controlled by rocky]]>
  </system-out>
  <testcase classname="learnTestNG.KGF" name="rocky" time="0.005"/>
  <system-out>
    <![CDATA[KGF is Controlled by rocky]]>
  </system-out>
  <testcase classname="learnTestNG.KGF" name="rocky" time="0.002"/>
  <system-out>
    <![CDATA[KGF is Controlled by rocky]]>
  </system-out>
  <testcase classname="learnTestNG.KGF" name="rocky" time="0.008"/>
  <system-out>
    <![CDATA[KGF is Controlled by rocky]]>
  </system-out>
  <testcase classname="learnTestNG.KGF" name="rocky" time="0.008"/>
  <system-out>
    <![CDATA[KGF is Controlled by rocky]]>
  </system-out>
  <testcase classname="learnTestNG.KGF" name="rocky" time="0.001"/>
  <system-out>
    <![CDATA[KGF is Controlled by rocky]]>
  </system-out>
  <testcase classname="learnTestNG.KGF" name="rocky" time="0.001"/>
  <system-out>
    <![CDATA[KGF is Controlled by rocky]]>
  </system-out>
  <testcase classname="learnTestNG.KGF" name="rocky" time="0.008"/>
  <system-out>
    <![CDATA[KGF is Controlled by rocky]]>
  </system-out>
  <testcase classname="learnTestNG.KGF" name="ramikaSen" time="0.004"/>
  <system-out>
    <![CDATA[KGF is Controlled by ramikaSen]]>
  </system-out>
</testsuite> <!-- learnTestNG.KGF -->
