<?xml version="1.0" encoding="UTF-8"?>
<!-- Generated by org.testng.reporters.JUnitReportReporter -->
<testsuite hostname="DESKTOP-BFFCAKN" failures="0" tests="17" name="learnTestNG.KGFF" time="0.100" errors="0" timestamp="2023-02-10T20:33:29 PST" skipped="0">
  <testcase classname="learnTestNG.KGFF" name="rajendraDesai" time="0.002"/>
  <system-out>
    <![CDATA[KGF is Controlled by rajendraDesai]]>
  </system-out>
  <testcase classname="learnTestNG.KGFF" name="vanaram" time="0.002"/>
  <system-out>
    <![CDATA[KGF is Controlled by vanaram]]>
  </system-out>
  <testcase classname="learnTestNG.KGFF" name="reena" time="0.025"/>
  <system-out>
    <![CDATA[KGF is Controlled by reena]]>
  </system-out>
  <testcase classname="learnTestNG.KGFF" name="garuda" time="0.005"/>
  <system-out>
    <![CDATA[KGF is Controlled by garuda]]>
  </system-out>
  <testcase classname="learnTestNG.KGFF" name="adheera" time="0.007"/>
  <system-out>
    <![CDATA[KGF is Controlled by adheera]]>
  </system-out>
  <testcase classname="learnTestNG.KGFF" name="mumbaiShetty" time="0.008"/>
  <system-out>
    <![CDATA[KGF is Controlled by mumbaiShetty]]>
  </system-out>
  <testcase classname="learnTestNG.KGFF" name="rocky" time="0.002"/>
  <system-out>
    <![CDATA[KGF is Controlled by rocky]]>
  </system-out>
  <testcase classname="learnTestNG.KGFF" name="rocky" time="0.021"/>
  <system-out>
    <![CDATA[KGF is Controlled by rocky]]>
  </system-out>
  <testcase classname="learnTestNG.KGFF" name="rocky" time="0.002"/>
  <system-out>
    <![CDATA[KGF is Controlled by rocky]]>
  </system-out>
  <testcase classname="learnTestNG.KGFF" name="rocky" time="0.004"/>
  <system-out>
    <![CDATA[KGF is Controlled by rocky]]>
  </system-out>
  <testcase classname="learnTestNG.KGFF" name="rocky" time="0.003"/>
  <system-out>
    <![CDATA[KGF is Controlled by rocky]]>
  </system-out>
  <testcase classname="learnTestNG.KGFF" name="rocky" time="0.003"/>
  <system-out>
    <![CDATA[KGF is Controlled by rocky]]>
  </system-out>
  <testcase classname="learnTestNG.KGFF" name="rocky" time="0.011"/>
  <system-out>
    <![CDATA[KGF is Controlled by rocky]]>
  </system-out>
  <testcase classname="learnTestNG.KGFF" name="rocky" time="0.001"/>
  <system-out>
    <![CDATA[KGF is Controlled by rocky]]>
  </system-out>
  <testcase classname="learnTestNG.KGFF" name="rocky" time="0.002"/>
  <system-out>
    <![CDATA[KGF is Controlled by rocky]]>
  </system-out>
  <testcase classname="learnTestNG.KGFF" name="rocky" time="0.001"/>
  <system-out>
    <![CDATA[KGF is Controlled by rocky]]>
  </system-out>
  <testcase classname="learnTestNG.KGFF" name="ramikaSen" time="0.001"/>
  <system-out>
    <![CDATA[KGF is Controlled by ramikaSen]]>
  </system-out>
</testsuite> <!-- learnTestNG.KGFF -->
