<?xml version="1.0" encoding="UTF-8"?>
<!-- Generated by org.testng.reporters.JUnitReportReporter -->
<testsuite hostname="DESKTOP-BFFCAKN" failures="0" tests="1" name="handlingpopups.FaceFileUploadPopup" time="18.982" errors="0" timestamp="2023-02-06T12:54:13 PST" skipped="0">
  <testcase classname="handlingpopups.FaceFileUploadPopup" name="FaceUploadFilePopup" time="18.982"/>
  <system-out/>
</testsuite> <!-- handlingpopups.FaceFileUploadPopup -->
