<?xml version="1.0" encoding="UTF-8"?>
<!-- Generated by org.testng.reporters.JUnitReportReporter -->
<testsuite hostname="DESKTOP-BFFCAKN" failures="0" tests="1" name="practiceOnly.fbRahulSaid1" time="13.205" errors="0" timestamp="2023-02-18T22:54:37 PST" skipped="0">
  <testcase classname="practiceOnly.fbRahulSaid1" name="CreatingAccount" time="13.205"/>
  <system-out/>
</testsuite> <!-- practiceOnly.fbRahulSaid1 -->
