<?xml version="1.0" encoding="UTF-8"?>
<!-- Generated by org.testng.reporters.JUnitReportReporter -->
<testsuite hostname="DESKTOP-BFFCAKN" failures="0" tests="1" name="com.actitime.qspiders.test.EndToEnd" time="22.535" errors="0" timestamp="2023-02-15T17:28:01 PST" skipped="0">
  <testcase classname="com.actitime.qspiders.test.EndToEnd" name="loginLogout" time="22.535"/>
  <system-out/>
</testsuite> <!-- com.actitime.qspiders.test.EndToEnd -->
