<?xml version="1.0" encoding="UTF-8"?>
<!-- Generated by org.testng.reporters.JUnitReportReporter -->
<testsuite hostname="DESKTOP-BFFCAKN" failures="0" tests="1" name="practiceOnly.myntranavigating" time="34.833" errors="0" timestamp="2023-03-02T21:27:13 PST" skipped="0">
  <testcase classname="practiceOnly.myntranavigating" name="myntranavigating" time="34.833"/>
  <system-out/>
</testsuite> <!-- practiceOnly.myntranavigating -->
