<?xml version="1.0" encoding="UTF-8"?>
<!-- Generated by org.testng.reporters.JUnitReportReporter -->
<testsuite hostname="DESKTOP-BFFCAKN" failures="0" tests="1" name="practiceOnly.readDataFromExcel" time="1.999" errors="0" timestamp="2023-03-23T22:04:59 PDT" skipped="0">
  <testcase classname="practiceOnly.readDataFromExcel" name="readData" time="1.999"/>
  <system-out/>
</testsuite> <!-- practiceOnly.readDataFromExcel -->
