<?xml version="1.0" encoding="UTF-8"?>
<!-- Generated by org.testng.reporters.JUnitReportReporter -->
<testsuite hostname="DESKTOP-BFFCAKN" failures="0" tests="1" name="workstation.lumaTestScript1" time="15.992" errors="0" timestamp="2023-02-06T13:13:23 PST" skipped="0">
  <testcase classname="workstation.lumaTestScript1" name="lumaPractice" time="15.992"/>
  <system-out/>
</testsuite> <!-- workstation.lumaTestScript1 -->
