<?xml version="1.0" encoding="UTF-8"?>
<!-- Generated by org.testng.reporters.JUnitReportReporter -->
<testsuite hostname="DESKTOP-BFFCAKN" failures="0" tests="1" name="workstation.lumaAssignment" time="14.814" errors="0" timestamp="2023-02-06T13:10:15 PST" skipped="0">
  <testcase classname="workstation.lumaAssignment" name="lumaAssignment" time="14.814"/>
  <system-out/>
</testsuite> <!-- workstation.lumaAssignment -->
