<?xml version="1.0" encoding="UTF-8"?>
<!-- Generated by org.testng.reporters.JUnitReportReporter -->
<testsuite hostname="DESKTOP-BFFCAKN" failures="0" tests="1" name="practiceOnly.rahulMagento" time="27.481" errors="0" timestamp="2023-02-06T13:07:02 PST" skipped="0">
  <testcase classname="practiceOnly.rahulMagento" name="RahulMagento" time="27.481"/>
  <system-out/>
</testsuite> <!-- practiceOnly.rahulMagento -->
