<?xml version="1.0" encoding="UTF-8"?>
<!-- Generated by org.testng.reporters.JUnitReportReporter -->
<testsuite hostname="DESKTOP-BFFCAKN" failures="0" tests="1" name="practiceOnly.sumne" time="5.134" errors="0" timestamp="2023-02-06T13:07:48 PST" skipped="0">
  <testcase classname="practiceOnly.sumne" name="Summane" time="5.134"/>
  <system-out/>
</testsuite> <!-- practiceOnly.sumne -->
