<?xml version="1.0" encoding="UTF-8"?>
<!-- Generated by org.testng.reporters.JUnitReportReporter -->
<testsuite hostname="DESKTOP-BFFCAKN" failures="0" tests="1" name="handlingpopups.MultiplePopups" time="16.424" errors="0" timestamp="2023-07-02T14:44:40 PDT" skipped="0">
  <testcase classname="handlingpopups.MultiplePopups" name="MultiplePopups" time="16.424"/>
  <system-out/>
</testsuite> <!-- handlingpopups.MultiplePopups -->
