<?xml version="1.0" encoding="UTF-8"?>
<!-- Generated by org.testng.reporters.JUnitReportReporter -->
<testsuite hostname="DESKTOP-BFFCAKN" failures="0" tests="3" name="learnTestNG.surajConfirmation" time="0.087" errors="0" timestamp="2023-02-13T14:15:25 PST" skipped="0">
  <testcase classname="learnTestNG.surajConfirmation" name="b" time="0.031"/>
  <system-out/>
  <testcase classname="learnTestNG.surajConfirmation" name="c" time="0.048"/>
  <system-out/>
  <testcase classname="learnTestNG.surajConfirmation" name="a" time="0.008"/>
  <system-out/>
</testsuite> <!-- learnTestNG.surajConfirmation -->
