<?xml version="1.0" encoding="UTF-8"?>
<!-- Generated by org.testng.reporters.JUnitReportReporter -->
<testsuite hostname="DESKTOP-BFFCAKN" failures="0" tests="1" name="handlingpopups.HiddenDivisionPopups" time="8.693" errors="0" timestamp="2023-02-06T12:55:29 PST" skipped="0">
  <testcase classname="handlingpopups.HiddenDivisionPopups" name="HiddenDivisionPopups" time="8.693"/>
  <system-out/>
</testsuite> <!-- handlingpopups.HiddenDivisionPopups -->
