<?xml version="1.0" encoding="UTF-8"?>
<!-- Generated by org.testng.reporters.JUnitReportReporter -->
<testsuite hostname="DESKTOP-BFFCAKN" failures="0" tests="1" name="handlingpopups.notificationPopupHandling" time="26.758" errors="0" timestamp="2023-02-06T12:59:57 PST" skipped="0">
  <testcase classname="handlingpopups.notificationPopupHandling" name="notificationPopupsHandling" time="26.758"/>
  <system-out/>
</testsuite> <!-- handlingpopups.notificationPopupHandling -->
