<?xml version="1.0" encoding="UTF-8"?>
<!-- Generated by org.testng.reporters.JUnitReportReporter -->
<testsuite hostname="DESKTOP-BFFCAKN" failures="0" tests="12" name="practiceOnly.kgfPractice" time="0.081" errors="0" timestamp="2023-02-07T22:19:46 PST" skipped="1">
  <testcase classname="practiceOnly.kgfPractice" name="rajendraDesai" time="0.008"/>
  <system-out>
    <![CDATA[kgf is controlled by RajendraDesai]]>
  </system-out>
  <testcase classname="practiceOnly.kgfPractice" name="ramikaSen" time="0.003"/>
  <system-out>
    <![CDATA[kgf is controlled by RamikaSen]]>
  </system-out>
  <testcase classname="practiceOnly.kgfPractice" name="vanaram" time="0.002"/>
  <system-out>
    <![CDATA[kgf is controlled by Vaanaram]]>
  </system-out>
  <testcase classname="practiceOnly.kgfPractice" name="rajendraDesai" time="0.003"/>
  <system-out>
    <![CDATA[kgf is controlled by RajendraDesai]]>
  </system-out>
  <testcase classname="practiceOnly.kgfPractice" name="rocky" time="0.003"/>
  <system-out>
    <![CDATA[kgf is controlled by Rockie]]>
  </system-out>
  <testcase classname="practiceOnly.kgfPractice" name="rajendraDesai" time="0.005"/>
  <system-out>
    <![CDATA[kgf is controlled by RajendraDesai]]>
  </system-out>
  <testcase classname="practiceOnly.kgfPractice" name="rajendraDesai" time="0.012"/>
  <system-out>
    <![CDATA[kgf is controlled by RajendraDesai]]>
  </system-out>
  <testcase classname="practiceOnly.kgfPractice" name="garuda" time="0.025"/>
  <system-out>
    <![CDATA[kgf is controlled by Garuda]]>
  </system-out>
  <testcase classname="practiceOnly.kgfPractice" name="rajendraDesai" time="0.014"/>
  <system-out>
    <![CDATA[kgf is controlled by RajendraDesai]]>
  </system-out>
  <testcase classname="practiceOnly.kgfPractice" name="mumbaiShetty" time="0.002"/>
  <system-out>
    <![CDATA[kgf is controlled by MumbaiShetty]]>
  </system-out>
  <testcase classname="practiceOnly.kgfPractice" name="adheera" time="0.004"/>
  <system-out>
    <![CDATA[kgf is controlled by AdheerA]]>
  </system-out>
  <testcase classname="practiceOnly.kgfPractice" name="reena">
    <skipped/>
  </testcase> <!-- reena -->
  <system-out/>
</testsuite> <!-- practiceOnly.kgfPractice -->
