<?xml version="1.0" encoding="UTF-8"?>
<!-- Generated by org.testng.reporters.JUnitReportReporter -->
<testsuite hostname="DESKTOP-BFFCAKN" failures="0" tests="1" name="practiceOnly.hostingVtiger" time="7.689" errors="0" timestamp="2023-02-08T12:22:43 PST" skipped="0">
  <testcase classname="practiceOnly.hostingVtiger" name="hosting" time="7.689"/>
  <system-out/>
</testsuite> <!-- practiceOnly.hostingVtiger -->
