<?xml version="1.0" encoding="UTF-8"?>
<!-- Generated by org.testng.reporters.JUnitReportReporter -->
<testsuite hostname="DESKTOP-BFFCAKN" failures="0" tests="1" name="practiceOnly.DoubtNo1" time="0.012" errors="0" timestamp="2023-02-16T12:35:51 PST" skipped="0">
  <testcase classname="practiceOnly.DoubtNo1" name="endToEnd" time="0.012"/>
  <system-out/>
</testsuite> <!-- practiceOnly.DoubtNo1 -->
